[2026-06-04 14:47:07.679] [32528] [32528] [INFO] Creazione pipe completata
[2026-06-04 14:47:07.679] [32528] [32528] [INFO] Inizio scansione directory di input per elaborazione multipla
[2026-06-04 14:47:07.679] [32530] [32530] [INFO] Processo reducer creato
[2026-06-04 14:47:07.679] [32529] [32529] [INFO] Processo mapper creato
[2026-06-04 14:47:07.679] [32528] [32528] [INFO] Apertura file di input: input_test//file1.txt
[2026-06-04 14:47:07.679] [32529] [32532] [INFO] Mapper worker thread started
[2026-06-04 14:47:07.679] [32528] [32528] [INFO] Chiusura file di input: input_test//file1.txt
[2026-06-04 14:47:07.679] [32529] [32533] [INFO] Mapper worker thread started
[2026-06-04 14:47:07.680] [32528] [32528] [INFO] Apertura file di input: input_test//file2.txt
[2026-06-04 14:47:07.680] [32528] [32528] [INFO] Chiusura file di input: input_test//file2.txt
[2026-06-04 14:47:07.680] [32528] [32528] [INFO] Elaborazione della directory completata con successo
[2026-06-04 14:47:07.680] [32529] [32532] [INFO] Mapper worker thread ended
[2026-06-04 14:47:07.680] [32529] [32533] [INFO] Mapper worker thread ended
[2026-06-04 14:47:07.680] [32530] [32530] [INFO] Reducer: gruppi elaborati = 3
[2026-06-04 14:47:07.680] [32528] [32528] [ERROR] mr_start: impossibile aprire output_path
[2026-06-04 15:02:43.781] [42730] [42730] [INFO] Creazione pipe completata
[2026-06-04 15:02:43.782] [42730] [42730] [INFO] Inizio scansione directory di input per elaborazione multipla
[2026-06-04 15:02:43.782] [42730] [42730] [INFO] Apertura file di input: input_test//file1.txt
[2026-06-04 15:02:43.782] [42730] [42730] [INFO] Chiusura file di input: input_test//file1.txt
[2026-06-04 15:02:43.782] [42730] [42730] [INFO] Apertura file di input: input_test//file2.txt
[2026-06-04 15:02:43.782] [42730] [42730] [INFO] Chiusura file di input: input_test//file2.txt
[2026-06-04 15:02:43.782] [42730] [42730] [INFO] Elaborazione della directory completata con successo
[2026-06-04 15:02:43.782] [42731] [42731] [INFO] Processo mapper creato
[2026-06-04 15:02:43.782] [42732] [42732] [INFO] Processo reducer creato
[2026-06-04 15:02:43.783] [42731] [42735] [INFO] Mapper worker thread started
[2026-06-04 15:02:43.783] [42731] [42735] [INFO] Mapper worker thread ended
[2026-06-04 15:02:43.783] [42731] [42736] [INFO] Mapper worker thread started
[2026-06-04 15:02:43.783] [42731] [42736] [INFO] Mapper worker thread ended
[2026-06-04 15:02:43.783] [42732] [42732] [INFO] Reducer: gruppi elaborati = 3
[2026-06-04 15:02:43.783] [42730] [42730] [ERROR] mr_start: impossibile aprire output_path
